2018-12-09 06:21:49:  * Serving Flask app "index" (lazy loading)
2018-12-09 06:21:49:  * Environment: production
2018-12-09 06:21:49:    WARNING: Do not use the development server in a production environment.
2018-12-09 06:21:49:    Use a production WSGI server instead.
2018-12-09 06:21:49:  * Debug mode: on
2018-12-09 06:22:00:  * Serving Flask app "index" (lazy loading)
2018-12-09 06:22:00:  * Environment: production
2018-12-09 06:22:00:    WARNING: Do not use the development server in a production environment.
2018-12-09 06:22:00:    Use a production WSGI server instead.
2018-12-09 06:22:00:  * Debug mode: on
2018-12-09 06:22:31:  * Serving Flask app "index" (lazy loading)
2018-12-09 06:22:31:  * Environment: production
2018-12-09 06:22:31:    WARNING: Do not use the development server in a production environment.
2018-12-09 06:22:31:    Use a production WSGI server instead.
2018-12-09 06:22:31:  * Debug mode: on
2018-12-09 06:23:01:  * Serving Flask app "index" (lazy loading)
2018-12-09 06:23:01:  * Environment: production
2018-12-09 06:23:01:    WARNING: Do not use the development server in a production environment.
2018-12-09 06:23:01:    Use a production WSGI server instead.
2018-12-09 06:23:01:  * Debug mode: on
2018-12-09 06:23:30:  * Serving Flask app "index" (lazy loading)
2018-12-09 06:23:30:  * Environment: production
2018-12-09 06:23:30:    WARNING: Do not use the development server in a production environment.
2018-12-09 06:23:30:    Use a production WSGI server instead.
2018-12-09 06:23:30:  * Debug mode: on
2018-12-09 06:24:01:  * Serving Flask app "index" (lazy loading)
2018-12-09 06:24:01:  * Environment: production
2018-12-09 06:24:01:    WARNING: Do not use the development server in a production environment.
2018-12-09 06:24:01:    Use a production WSGI server instead.
2018-12-09 06:24:01:  * Debug mode: on
2018-12-09 06:24:23:  * Serving Flask app "index" (lazy loading)
2018-12-09 06:24:23:  * Environment: production
2018-12-09 06:24:23:    WARNING: Do not use the development server in a production environment.
2018-12-09 06:24:23:    Use a production WSGI server instead.
2018-12-09 06:24:23:  * Debug mode: on
2018-12-09 06:24:30:  * Serving Flask app "index" (lazy loading)
2018-12-09 06:24:30:  * Environment: production
2018-12-09 06:24:30:    WARNING: Do not use the development server in a production environment.
2018-12-09 06:24:30:    Use a production WSGI server instead.
2018-12-09 06:24:30:  * Debug mode: on
